[0.009s] Invoking command in '/home/sahar/sahar_ws/build/bump_and_go_fsm': CMAKE_PREFIX_PATH=${CMAKE_PREFIX_PATH}:/home/sahar/ros2_ws/install/merlin2_mission:/home/sahar/ros2_ws/install/merlin2_fsm_action:/home/sahar/ros2_ws/install/merlin2_executor:/home/sahar/ros2_ws/install/merlin2_basic_actions:/home/sahar/ros2_ws/install/waypoint_navigation:/home/sahar/ros2_ws/install/text_to_speech:/home/sahar/ros2_ws/install/speech_to_text:/home/sahar/ros2_ws/install/sound_recognition:/home/sahar/ros2_ws/install/mirte_test:/home/sahar/ros2_ws/install/merlin2_reactive_layer:/home/sahar/ros2_ws/install/merlin2_planning_layer:/home/sahar/ros2_ws/install/merlin2_mission_layer:/home/sahar/ros2_ws/install/merlin2_executive_layer:/opt/ros/jazzy DEBUGINFOD_URLS=https://debuginfod.ubuntu.com /usr/bin/cmake --build /home/sahar/sahar_ws/build/bump_and_go_fsm -- -j28 -l28
[0.073s] [ 50%] [32mBuilding CXX object CMakeFiles/bump_and_go_node.dir/src/bump_and_go_node.cpp.o[0m
[1.768s] [01m[K/home/sahar/sahar_ws/src/bump_and_go_fsm/src/bump_and_go_node.cpp:103:30:[m[K [01;31m[Kerror: [m[Kâ€˜[01m[Ksensor_msgs[m[Kâ€™ does not name a type
[1.768s]   103 |     void scan_callback(const [01;31m[Ksensor_msgs[m[K::msg::LaserScan::SharedPtr msg)
[1.768s]       |                              [01;31m[K^~~~~~~~~~~[m[K
[1.768s] [01m[K/home/sahar/sahar_ws/src/bump_and_go_fsm/src/bump_and_go_node.cpp:103:46:[m[K [01;31m[Kerror: [m[Kexpected unqualified-id before â€˜[01m[K::[m[Kâ€™ token
[1.768s]   103 |     void scan_callback(const sensor_msgs::msg[01;31m[K::[m[KLaserScan::SharedPtr msg)
[1.768s]       |                                              [01;31m[K^~[m[K
[1.768s] [01m[K/home/sahar/sahar_ws/src/bump_and_go_fsm/src/bump_and_go_node.cpp:103:46:[m[K [01;31m[Kerror: [m[Kexpected â€˜[01m[K)[m[Kâ€™ before â€˜[01m[K::[m[Kâ€™ token
[1.768s]   103 |     void scan_callback[34m[K([m[Kconst sensor_msgs::msg[01;31m[K:[m[K[32m[K:[m[KLaserScan::SharedPtr msg)
[1.768s]       |                       [34m[K~[m[K                      [01;31m[K^[m[K[32m[K~[m[K
[1.768s]       |                                              [32m[K)[m[K
[1.768s] [01m[K/home/sahar/sahar_ws/src/bump_and_go_fsm/src/bump_and_go_node.cpp:103:43:[m[K [01;31m[Kerror: [m[Kexpected â€˜[01m[K;[m[Kâ€™ at end of member declaration
[1.768s]   103 |     void scan_callback(const sensor_msgs::[01;31m[Kmsg[m[K::LaserScan::SharedPtr msg)
[1.768s]       |                                           [01;31m[K^~~[m[K
[1.769s]       |                                              [32m[K;[m[K
[1.770s] [01m[K/home/sahar/sahar_ws/src/bump_and_go_fsm/src/bump_and_go_node.cpp:103:48:[m[K [01;31m[Kerror: [m[Kâ€˜[01m[KLaserScan[m[Kâ€™ in namespace â€˜[01m[K::[m[Kâ€™ does not name a type
[1.770s]   103 |     void scan_callback(const sensor_msgs::msg::[01;31m[KLaserScan[m[K::SharedPtr msg)
[1.770s]       |                                                [01;31m[K^~~~~~~~~[m[K
[1.772s] [01m[K/home/sahar/sahar_ws/src/bump_and_go_fsm/src/bump_and_go_node.cpp:113:34:[m[K [01;31m[Kerror: [m[Kâ€˜[01m[Ksensor_msgs[m[Kâ€™ does not name a type
[1.773s]   113 |     bool obstacle_detected(const [01;31m[Ksensor_msgs[m[K::msg::LaserScan::SharedPtr msg)
[1.773s]       |                                  [01;31m[K^~~~~~~~~~~[m[K
[1.773s] [01m[K/home/sahar/sahar_ws/src/bump_and_go_fsm/src/bump_and_go_node.cpp:113:50:[m[K [01;31m[Kerror: [m[Kexpected unqualified-id before â€˜[01m[K::[m[Kâ€™ token
[1.773s]   113 |     bool obstacle_detected(const sensor_msgs::msg[01;31m[K::[m[KLaserScan::SharedPtr msg)
[1.773s]       |                                                  [01;31m[K^~[m[K
[1.773s] [01m[K/home/sahar/sahar_ws/src/bump_and_go_fsm/src/bump_and_go_node.cpp:113:50:[m[K [01;31m[Kerror: [m[Kexpected â€˜[01m[K)[m[Kâ€™ before â€˜[01m[K::[m[Kâ€™ token
[1.773s]   113 |     bool obstacle_detected[34m[K([m[Kconst sensor_msgs::msg[01;31m[K:[m[K[32m[K:[m[KLaserScan::SharedPtr msg)
[1.773s]       |                           [34m[K~[m[K                      [01;31m[K^[m[K[32m[K~[m[K
[1.773s]       |                                                  [32m[K)[m[K
[1.773s] [01m[K/home/sahar/sahar_ws/src/bump_and_go_fsm/src/bump_and_go_node.cpp:113:47:[m[K [01;31m[Kerror: [m[Kexpected â€˜[01m[K;[m[Kâ€™ at end of member declaration
[1.773s]   113 |     bool obstacle_detected(const sensor_msgs::[01;31m[Kmsg[m[K::LaserScan::SharedPtr msg)
[1.773s]       |                                               [01;31m[K^~~[m[K
[1.773s]       |                                                  [32m[K;[m[K
[1.776s] [01m[K/home/sahar/sahar_ws/src/bump_and_go_fsm/src/bump_and_go_node.cpp:113:52:[m[K [01;31m[Kerror: [m[Kâ€˜[01m[KLaserScan[m[Kâ€™ in namespace â€˜[01m[K::[m[Kâ€™ does not name a type
[1.776s]   113 |     bool obstacle_detected(const sensor_msgs::msg::[01;31m[KLaserScan[m[K::SharedPtr msg)
[1.776s]       |                                                    [01;31m[K^~~~~~~~~[m[K
[1.786s] [01m[K/home/sahar/sahar_ws/src/bump_and_go_fsm/src/bump_and_go_node.cpp:170:26:[m[K [01;31m[Kerror: [m[Kâ€˜[01m[Ksensor_msgs[m[Kâ€™ was not declared in this scope
[1.786s]   170 |     rclcpp::Subscription<[01;31m[Ksensor_msgs[m[K::msg::LaserScan>::SharedPtr scan_sub_;
[1.786s]       |                          [01;31m[K^~~~~~~~~~~[m[K
[1.786s] [01m[K/home/sahar/sahar_ws/src/bump_and_go_fsm/src/bump_and_go_node.cpp:170:53:[m[K [01;31m[Kerror: [m[Ktemplate argument 1 is invalid
[1.786s]   170 |     rclcpp::Subscription<sensor_msgs::msg::LaserScan[01;31m[K>[m[K::SharedPtr scan_sub_;
[1.787s]       |                                                     [01;31m[K^[m[K
[1.787s] [01m[K/home/sahar/sahar_ws/src/bump_and_go_fsm/src/bump_and_go_node.cpp:170:53:[m[K [01;31m[Kerror: [m[Ktemplate argument 3 is invalid
[1.787s] [01m[K/home/sahar/sahar_ws/src/bump_and_go_fsm/src/bump_and_go_node.cpp:170:53:[m[K [01;31m[Kerror: [m[Ktemplate argument 4 is invalid
[1.787s] [01m[K/home/sahar/sahar_ws/src/bump_and_go_fsm/src/bump_and_go_node.cpp:170:53:[m[K [01;31m[Kerror: [m[Ktemplate argument 5 is invalid
[1.787s] [01m[K/home/sahar/sahar_ws/src/bump_and_go_fsm/src/bump_and_go_node.cpp:170:56:[m[K [01;31m[Kerror: [m[Kexpected â€˜[01m[K;[m[Kâ€™ at end of member declaration
[1.787s]   170 |     rclcpp::Subscription<sensor_msgs::msg::LaserScan>::[01;31m[KSharedPtr[m[K scan_sub_;
[1.787s]       |                                                        [01;31m[K^~~~~~~~~[m[K
[1.787s]       |                                                                 [32m[K;[m[K
[1.788s] [01m[K/home/sahar/sahar_ws/src/bump_and_go_fsm/src/bump_and_go_node.cpp:170:66:[m[K [01;31m[Kerror: [m[Kâ€˜[01m[Kscan_sub_[m[Kâ€™ does not name a type
[1.788s]   170 | rclcpp::Subscription<sensor_msgs::msg::LaserScan>::SharedPtr [01;31m[Kscan_sub_[m[K;
[1.788s]       |                                                              [01;31m[K^~~~~~~~~[m[K
[1.788s] 
[1.797s] [01m[K/home/sahar/sahar_ws/src/bump_and_go_fsm/src/bump_and_go_node.cpp:[m[K In constructor â€˜[01m[KBumpAndGoFSM::[01;32m[KBumpAndGoFSM[m[K()[m[Kâ€™:
[1.797s] [01m[K/home/sahar/sahar_ws/src/bump_and_go_fsm/src/bump_and_go_node.cpp:94:9:[m[K [01;31m[Kerror: [m[Kâ€˜[01m[Kscan_sub_[m[Kâ€™ was not declared in this scope
[1.797s]    94 |         [01;31m[Kscan_sub_[m[K = this->create_subscription<sensor_msgs::msg::LaserScan>(
[1.797s]       |         [01;31m[K^~~~~~~~~[m[K
[1.803s] [01m[K/home/sahar/sahar_ws/src/bump_and_go_fsm/src/bump_and_go_node.cpp:94:47:[m[K [01;31m[Kerror: [m[Kâ€˜[01m[Ksensor_msgs[m[Kâ€™ was not declared in this scope
[1.803s]    94 |         scan_sub_ = this->create_subscription<[01;31m[Ksensor_msgs[m[K::msg::LaserScan>(
[1.803s]       |                                               [01;31m[K^~~~~~~~~~~[m[K
[1.803s] [01m[K/home/sahar/sahar_ws/src/bump_and_go_fsm/src/bump_and_go_node.cpp:94:27:[m[K [01;31m[Kerror: [m[Kparse error in template argument list
[1.803s]    94 |         scan_sub_ = this->[01;31m[Kcreate_subscription<sensor_msgs::msg::LaserScan>[m[K(
[1.803s]       |                           [01;31m[K^~~~~~~~~~~~~~~~~~~~~~~~~~~~~~~~~~~~~~~~~~~~~~~~[m[K
[1.806s] [01m[K/home/sahar/sahar_ws/src/bump_and_go_fsm/src/bump_and_go_node.cpp:94:75:[m[K [01;31m[Kerror: [m[Kno matching function for call to â€˜[01m[KBumpAndGoFSM::create_subscription<<expression error> >(const char [6], int, std::_Bind_helper<false, void (BumpAndGoFSM::*)(...), BumpAndGoFSM*, const std::_Placeholder<1>&>::type)[m[Kâ€™
[1.806s]    94 |     scan_sub_ = [01;31m[Kthis->create_subscription<sensor_msgs::msg::LaserScan>([m[K
[1.806s]       |                 [01;31m[K~~~~~~~~~~~~~~~~~~~~~~~~~~~~~~~~~~~~~~~~~~~~~~~~~~~~~~^[m[K
[1.806s] 
[1.806s]    95 | [01;31m[K        "/scan", 10, std::bind(&BumpAndGoFSM::scan_callback, this, std::placeholders::_1))[m[K;
[1.806s]       |         [01;31m[K~~~~~~~~~~~~~~~~~~~~~~~~~~~~~~~~~~~~~~~~~~~~~~~~~~~~~~~~~~~~~~~~~~~~~~~~~~~~~~~~~~[m[K
[1.806s] 
[1.806s] In file included from [01m[K/opt/ros/jazzy/include/rclcpp/rclcpp/executors/single_threaded_executor.hpp:28[m[K,
[1.806s]                  from [01m[K/opt/ros/jazzy/include/rclcpp/rclcpp/executors.hpp:22[m[K,
[1.806s]                  from [01m[K/opt/ros/jazzy/include/rclcpp/rclcpp/rclcpp.hpp:172[m[K,
[1.806s]                  from [01m[K/home/sahar/sahar_ws/src/bump_and_go_fsm/src/bump_and_go_node.cpp:1[m[K:
[1.806s] [01m[K/opt/ros/jazzy/include/rclcpp/rclcpp/node.hpp:221:3:[m[K [01;36m[Knote: [m[Kcandidate: â€˜[01m[Ktemplate<class MessageT, class CallbackT, class AllocatorT, class SubscriptionT, class MessageMemoryStrategyT> std::shared_ptr<ROSMessageT> rclcpp::Node::[01;32m[Kcreate_subscription[m[K(const std::string&, const rclcpp::QoS&, CallbackT&&, const rclcpp::SubscriptionOptionsWithAllocator<AllocatorT>&, typename MessageMemoryStrategyT::SharedPtr)[m[Kâ€™
[1.806s]   221 |   [01;36m[Kcreate_subscription[m[K(
[1.806s]       |   [01;36m[K^~~~~~~~~~~~~~~~~~~[m[K
[1.806s] [01m[K/opt/ros/jazzy/include/rclcpp/rclcpp/node.hpp:221:3:[m[K [01;36m[Knote: [m[K  template argument deduction/substitution failed:
[1.806s] [01m[K/home/sahar/sahar_ws/src/bump_and_go_fsm/src/bump_and_go_node.cpp:94:75:[m[K [01;31m[Kerror: [m[Ktemplate argument 1 is invalid
[1.806s]    94 |     scan_sub_ = [01;31m[Kthis->create_subscription<sensor_msgs::msg::LaserScan>([m[K
[1.806s]       |                 [01;31m[K~~~~~~~~~~~~~~~~~~~~~~~~~~~~~~~~~~~~~~~~~~~~~~~~~~~~~~^[m[K
[1.807s] 
[1.807s]    95 | [01;31m[K        "/scan", 10, std::bind(&BumpAndGoFSM::scan_callback, this, std::placeholders::_1))[m[K;
[1.807s]       |         [01;31m[K~~~~~~~~~~~~~~~~~~~~~~~~~~~~~~~~~~~~~~~~~~~~~~~~~~~~~~~~~~~~~~~~~~~~~~~~~~~~~~~~~~[m[K
[1.807s] 
[2.587s] gmake[2]: *** [CMakeFiles/bump_and_go_node.dir/build.make:76: CMakeFiles/bump_and_go_node.dir/src/bump_and_go_node.cpp.o] Error 1
[2.587s] gmake[1]: *** [CMakeFiles/Makefile2:137: CMakeFiles/bump_and_go_node.dir/all] Error 2
[2.587s] gmake: *** [Makefile:146: all] Error 2
[2.590s] Invoked command in '/home/sahar/sahar_ws/build/bump_and_go_fsm' returned '2': CMAKE_PREFIX_PATH=${CMAKE_PREFIX_PATH}:/home/sahar/ros2_ws/install/merlin2_mission:/home/sahar/ros2_ws/install/merlin2_fsm_action:/home/sahar/ros2_ws/install/merlin2_executor:/home/sahar/ros2_ws/install/merlin2_basic_actions:/home/sahar/ros2_ws/install/waypoint_navigation:/home/sahar/ros2_ws/install/text_to_speech:/home/sahar/ros2_ws/install/speech_to_text:/home/sahar/ros2_ws/install/sound_recognition:/home/sahar/ros2_ws/install/mirte_test:/home/sahar/ros2_ws/install/merlin2_reactive_layer:/home/sahar/ros2_ws/install/merlin2_planning_layer:/home/sahar/ros2_ws/install/merlin2_mission_layer:/home/sahar/ros2_ws/install/merlin2_executive_layer:/opt/ros/jazzy DEBUGINFOD_URLS=https://debuginfod.ubuntu.com /usr/bin/cmake --build /home/sahar/sahar_ws/build/bump_and_go_fsm -- -j28 -l28
