[0.013s] Invoking command in '/home/sahar/sahar_ws/build/bump_and_go_fsm': CMAKE_PREFIX_PATH=${CMAKE_PREFIX_PATH}:/home/sahar/ros2_ws/install/merlin2_mission:/home/sahar/ros2_ws/install/merlin2_fsm_action:/home/sahar/ros2_ws/install/merlin2_executor:/home/sahar/ros2_ws/install/merlin2_basic_actions:/home/sahar/ros2_ws/install/waypoint_navigation:/home/sahar/ros2_ws/install/text_to_speech:/home/sahar/ros2_ws/install/speech_to_text:/home/sahar/ros2_ws/install/sound_recognition:/home/sahar/ros2_ws/install/mirte_test:/home/sahar/ros2_ws/install/merlin2_reactive_layer:/home/sahar/ros2_ws/install/merlin2_planning_layer:/home/sahar/ros2_ws/install/merlin2_mission_layer:/home/sahar/ros2_ws/install/merlin2_executive_layer:/opt/ros/jazzy DEBUGINFOD_URLS=https://debuginfod.ubuntu.com /usr/bin/cmake --build /home/sahar/sahar_ws/build/bump_and_go_fsm -- -j28 -l28
[0.069s] [ 50%] [32mBuilding CXX object CMakeFiles/bump_and_go_node.dir/src/bump_and_go_node.cpp.o[0m
[1.705s] [01m[K/home/sahar/sahar_ws/src/bump_and_go_fsm/src/bump_and_go_node.cpp:[m[K In member function â€˜[01m[Kbool BumpAndGoFSM::[01;32m[Kobstacle_detected[m[K(sensor_msgs::msg::LaserScan_<std::allocator<void> >::SharedPtr)[m[Kâ€™:
[1.705s] [01m[K/home/sahar/sahar_ws/src/bump_and_go_fsm/src/bump_and_go_node.cpp:42:41:[m[K [01;35m[Kwarning: [m[Kcomparison of integer expressions of different signedness: â€˜[01m[Ksize_t[m[Kâ€™ {aka â€˜[01m[Klong unsigned int[m[Kâ€™} and â€˜[01m[Kint[m[Kâ€™ [[01;35m[K]8;;https://gcc.gnu.org/onlinedocs/gcc/Warning-Options.html#index-Wsign-compare-Wsign-compare]8;;[m[K]
[1.705s]    42 |         for (size_t i = center_range; [01;35m[Ki < center_range * 2[m[K; ++i)  // Check front 1/3 of scan
[1.706s]       |                                       [01;35m[K~~^~~~~~~~~~~~~~~~~~[m[K
[3.340s] [100%] [32m[1mLinking CXX executable bump_and_go_node[0m
[3.535s] /usr/bin/ld: /usr/lib/gcc/x86_64-linux-gnu/13/../../../x86_64-linux-gnu/Scrt1.o: in function `_start':
[3.535s] (.text+0x1b): undefined reference to `main'
[3.539s] collect2: error: ld returned 1 exit status
[3.540s] gmake[2]: *** [CMakeFiles/bump_and_go_node.dir/build.make:187: bump_and_go_node] Error 1
[3.540s] gmake[1]: *** [CMakeFiles/Makefile2:137: CMakeFiles/bump_and_go_node.dir/all] Error 2
[3.541s] gmake: *** [Makefile:146: all] Error 2
[3.543s] Invoked command in '/home/sahar/sahar_ws/build/bump_and_go_fsm' returned '2': CMAKE_PREFIX_PATH=${CMAKE_PREFIX_PATH}:/home/sahar/ros2_ws/install/merlin2_mission:/home/sahar/ros2_ws/install/merlin2_fsm_action:/home/sahar/ros2_ws/install/merlin2_executor:/home/sahar/ros2_ws/install/merlin2_basic_actions:/home/sahar/ros2_ws/install/waypoint_navigation:/home/sahar/ros2_ws/install/text_to_speech:/home/sahar/ros2_ws/install/speech_to_text:/home/sahar/ros2_ws/install/sound_recognition:/home/sahar/ros2_ws/install/mirte_test:/home/sahar/ros2_ws/install/merlin2_reactive_layer:/home/sahar/ros2_ws/install/merlin2_planning_layer:/home/sahar/ros2_ws/install/merlin2_mission_layer:/home/sahar/ros2_ws/install/merlin2_executive_layer:/opt/ros/jazzy DEBUGINFOD_URLS=https://debuginfod.ubuntu.com /usr/bin/cmake --build /home/sahar/sahar_ws/build/bump_and_go_fsm -- -j28 -l28
