[01m[K/home/sahar/sahar_ws/src/bump_and_go_fsm/src/bump_and_go_node.cpp:103:30:[m[K [01;31m[Kerror: [m[Kâ€˜[01m[Ksensor_msgs[m[Kâ€™ does not name a type
  103 |     void scan_callback(const [01;31m[Ksensor_msgs[m[K::msg::LaserScan::SharedPtr msg)
      |                              [01;31m[K^~~~~~~~~~~[m[K
[01m[K/home/sahar/sahar_ws/src/bump_and_go_fsm/src/bump_and_go_node.cpp:103:46:[m[K [01;31m[Kerror: [m[Kexpected unqualified-id before â€˜[01m[K::[m[Kâ€™ token
  103 |     void scan_callback(const sensor_msgs::msg[01;31m[K::[m[KLaserScan::SharedPtr msg)
      |                                              [01;31m[K^~[m[K
[01m[K/home/sahar/sahar_ws/src/bump_and_go_fsm/src/bump_and_go_node.cpp:103:46:[m[K [01;31m[Kerror: [m[Kexpected â€˜[01m[K)[m[Kâ€™ before â€˜[01m[K::[m[Kâ€™ token
  103 |     void scan_callback[34m[K([m[Kconst sensor_msgs::msg[01;31m[K:[m[K[32m[K:[m[KLaserScan::SharedPtr msg)
      |                       [34m[K~[m[K                      [01;31m[K^[m[K[32m[K~[m[K
      |                                              [32m[K)[m[K
[01m[K/home/sahar/sahar_ws/src/bump_and_go_fsm/src/bump_and_go_node.cpp:103:43:[m[K [01;31m[Kerror: [m[Kexpected â€˜[01m[K;[m[Kâ€™ at end of member declaration
  103 |     void scan_callback(const sensor_msgs::[01;31m[Kmsg[m[K::LaserScan::SharedPtr msg)
      |                                           [01;31m[K^~~[m[K
      |                                              [32m[K;[m[K
[01m[K/home/sahar/sahar_ws/src/bump_and_go_fsm/src/bump_and_go_node.cpp:103:48:[m[K [01;31m[Kerror: [m[Kâ€˜[01m[KLaserScan[m[Kâ€™ in namespace â€˜[01m[K::[m[Kâ€™ does not name a type
  103 |     void scan_callback(const sensor_msgs::msg::[01;31m[KLaserScan[m[K::SharedPtr msg)
      |                                                [01;31m[K^~~~~~~~~[m[K
[01m[K/home/sahar/sahar_ws/src/bump_and_go_fsm/src/bump_and_go_node.cpp:113:34:[m[K [01;31m[Kerror: [m[Kâ€˜[01m[Ksensor_msgs[m[Kâ€™ does not name a type
  113 |     bool obstacle_detected(const [01;31m[Ksensor_msgs[m[K::msg::LaserScan::SharedPtr msg)
      |                                  [01;31m[K^~~~~~~~~~~[m[K
[01m[K/home/sahar/sahar_ws/src/bump_and_go_fsm/src/bump_and_go_node.cpp:113:50:[m[K [01;31m[Kerror: [m[Kexpected unqualified-id before â€˜[01m[K::[m[Kâ€™ token
  113 |     bool obstacle_detected(const sensor_msgs::msg[01;31m[K::[m[KLaserScan::SharedPtr msg)
      |                                                  [01;31m[K^~[m[K
[01m[K/home/sahar/sahar_ws/src/bump_and_go_fsm/src/bump_and_go_node.cpp:113:50:[m[K [01;31m[Kerror: [m[Kexpected â€˜[01m[K)[m[Kâ€™ before â€˜[01m[K::[m[Kâ€™ token
  113 |     bool obstacle_detected[34m[K([m[Kconst sensor_msgs::msg[01;31m[K:[m[K[32m[K:[m[KLaserScan::SharedPtr msg)
      |                           [34m[K~[m[K                      [01;31m[K^[m[K[32m[K~[m[K
      |                                                  [32m[K)[m[K
[01m[K/home/sahar/sahar_ws/src/bump_and_go_fsm/src/bump_and_go_node.cpp:113:47:[m[K [01;31m[Kerror: [m[Kexpected â€˜[01m[K;[m[Kâ€™ at end of member declaration
  113 |     bool obstacle_detected(const sensor_msgs::[01;31m[Kmsg[m[K::LaserScan::SharedPtr msg)
      |                                               [01;31m[K^~~[m[K
      |                                                  [32m[K;[m[K
[01m[K/home/sahar/sahar_ws/src/bump_and_go_fsm/src/bump_and_go_node.cpp:113:52:[m[K [01;31m[Kerror: [m[Kâ€˜[01m[KLaserScan[m[Kâ€™ in namespace â€˜[01m[K::[m[Kâ€™ does not name a type
  113 |     bool obstacle_detected(const sensor_msgs::msg::[01;31m[KLaserScan[m[K::SharedPtr msg)
      |                                                    [01;31m[K^~~~~~~~~[m[K
[01m[K/home/sahar/sahar_ws/src/bump_and_go_fsm/src/bump_and_go_node.cpp:170:26:[m[K [01;31m[Kerror: [m[Kâ€˜[01m[Ksensor_msgs[m[Kâ€™ was not declared in this scope
  170 |     rclcpp::Subscription<[01;31m[Ksensor_msgs[m[K::msg::LaserScan>::SharedPtr scan_sub_;
      |                          [01;31m[K^~~~~~~~~~~[m[K
[01m[K/home/sahar/sahar_ws/src/bump_and_go_fsm/src/bump_and_go_node.cpp:170:53:[m[K [01;31m[Kerror: [m[Ktemplate argument 1 is invalid
  170 |     rclcpp::Subscription<sensor_msgs::msg::LaserScan[01;31m[K>[m[K::SharedPtr scan_sub_;
      |                                                     [01;31m[K^[m[K
[01m[K/home/sahar/sahar_ws/src/bump_and_go_fsm/src/bump_and_go_node.cpp:170:53:[m[K [01;31m[Kerror: [m[Ktemplate argument 3 is invalid
[01m[K/home/sahar/sahar_ws/src/bump_and_go_fsm/src/bump_and_go_node.cpp:170:53:[m[K [01;31m[Kerror: [m[Ktemplate argument 4 is invalid
[01m[K/home/sahar/sahar_ws/src/bump_and_go_fsm/src/bump_and_go_node.cpp:170:53:[m[K [01;31m[Kerror: [m[Ktemplate argument 5 is invalid
[01m[K/home/sahar/sahar_ws/src/bump_and_go_fsm/src/bump_and_go_node.cpp:170:56:[m[K [01;31m[Kerror: [m[Kexpected â€˜[01m[K;[m[Kâ€™ at end of member declaration
  170 |     rclcpp::Subscription<sensor_msgs::msg::LaserScan>::[01;31m[KSharedPtr[m[K scan_sub_;
      |                                                        [01;31m[K^~~~~~~~~[m[K
      |                                                                 [32m[K;[m[K
[01m[K/home/sahar/sahar_ws/src/bump_and_go_fsm/src/bump_and_go_node.cpp:170:66:[m[K [01;31m[Kerror: [m[Kâ€˜[01m[Kscan_sub_[m[Kâ€™ does not name a type
  170 | rclcpp::Subscription<sensor_msgs::msg::LaserScan>::SharedPtr [01;31m[Kscan_sub_[m[K;
      |                                                              [01;31m[K^~~~~~~~~[m[K

[01m[K/home/sahar/sahar_ws/src/bump_and_go_fsm/src/bump_and_go_node.cpp:173:5:[m[K [01;31m[Kerror: [m[Kâ€˜[01m[KState[m[Kâ€™ does not name a type; did you mean â€˜[01m[K_xstate[m[Kâ€™?
  173 |     [01;31m[KState[m[K state_;
      |     [01;31m[K^~~~~[m[K
      |     [32m[K_xstate[m[K
[01m[K/home/sahar/sahar_ws/src/bump_and_go_fsm/src/bump_and_go_node.cpp:[m[K In constructor â€˜[01m[KBumpAndGoFSM::[01;32m[KBumpAndGoFSM[m[K()[m[Kâ€™:
[01m[K/home/sahar/sahar_ws/src/bump_and_go_fsm/src/bump_and_go_node.cpp:91:47:[m[K [01;31m[Kerror: [m[Kclass â€˜[01m[KBumpAndGoFSM[m[Kâ€™ does not have any field named â€˜[01m[Kstate_[m[Kâ€™
   91 |     BumpAndGoFSM() : Node("bump_and_go_fsm"), [01;31m[Kstate_[m[K(State::FORWARD)
      |                                               [01;31m[K^~~~~~[m[K
[01m[K/home/sahar/sahar_ws/src/bump_and_go_fsm/src/bump_and_go_node.cpp:91:54:[m[K [01;31m[Kerror: [m[Kâ€˜[01m[KState[m[Kâ€™ has not been declared
   91 |     BumpAndGoFSM() : Node("bump_and_go_fsm"), state_([01;31m[KState[m[K::FORWARD)
      |                                                      [01;31m[K^~~~~[m[K
[01m[K/home/sahar/sahar_ws/src/bump_and_go_fsm/src/bump_and_go_node.cpp:94:9:[m[K [01;31m[Kerror: [m[Kâ€˜[01m[Kscan_sub_[m[Kâ€™ was not declared in this scope
   94 |         [01;31m[Kscan_sub_[m[K = this->create_subscription<sensor_msgs::msg::LaserScan>(
      |         [01;31m[K^~~~~~~~~[m[K
[01m[K/home/sahar/sahar_ws/src/bump_and_go_fsm/src/bump_and_go_node.cpp:94:47:[m[K [01;31m[Kerror: [m[Kâ€˜[01m[Ksensor_msgs[m[Kâ€™ was not declared in this scope
   94 |         scan_sub_ = this->create_subscription<[01;31m[Ksensor_msgs[m[K::msg::LaserScan>(
      |                                               [01;31m[K^~~~~~~~~~~[m[K
[01m[K/home/sahar/sahar_ws/src/bump_and_go_fsm/src/bump_and_go_node.cpp:94:27:[m[K [01;31m[Kerror: [m[Kparse error in template argument list
   94 |         scan_sub_ = this->[01;31m[Kcreate_subscription<sensor_msgs::msg::LaserScan>[m[K(
      |                           [01;31m[K^~~~~~~~~~~~~~~~~~~~~~~~~~~~~~~~~~~~~~~~~~~~~~~~[m[K
[01m[K/home/sahar/sahar_ws/src/bump_and_go_fsm/src/bump_and_go_node.cpp:94:75:[m[K [01;31m[Kerror: [m[Kno matching function for call to â€˜[01m[KBumpAndGoFSM::create_subscription<<expression error> >(const char [6], int, std::_Bind_helper<false, void (BumpAndGoFSM::*)(...), BumpAndGoFSM*, const std::_Placeholder<1>&>::type)[m[Kâ€™
   94 |     scan_sub_ = [01;31m[Kthis->create_subscription<sensor_msgs::msg::LaserScan>([m[K
      |                 [01;31m[K~~~~~~~~~~~~~~~~~~~~~~~~~~~~~~~~~~~~~~~~~~~~~~~~~~~~~~^[m[K

   95 | [01;31m[K        "/scan", 10, std::bind(&BumpAndGoFSM::scan_callback, this, std::placeholders::_1))[m[K;
      |         [01;31m[K~~~~~~~~~~~~~~~~~~~~~~~~~~~~~~~~~~~~~~~~~~~~~~~~~~~~~~~~~~~~~~~~~~~~~~~~~~~~~~~~~~[m[K

In file included from [01m[K/opt/ros/jazzy/include/rclcpp/rclcpp/executors/single_threaded_executor.hpp:28[m[K,
                 from [01m[K/opt/ros/jazzy/include/rclcpp/rclcpp/executors.hpp:22[m[K,
                 from [01m[K/opt/ros/jazzy/include/rclcpp/rclcpp/rclcpp.hpp:172[m[K,
                 from [01m[K/home/sahar/sahar_ws/src/bump_and_go_fsm/src/bump_and_go_node.cpp:1[m[K:
[01m[K/opt/ros/jazzy/include/rclcpp/rclcpp/node.hpp:221:3:[m[K [01;36m[Knote: [m[Kcandidate: â€˜[01m[Ktemplate<class MessageT, class CallbackT, class AllocatorT, class SubscriptionT, class MessageMemoryStrategyT> std::shared_ptr<ROSMessageT> rclcpp::Node::[01;32m[Kcreate_subscription[m[K(const std::string&, const rclcpp::QoS&, CallbackT&&, const rclcpp::SubscriptionOptionsWithAllocator<AllocatorT>&, typename MessageMemoryStrategyT::SharedPtr)[m[Kâ€™
  221 |   [01;36m[Kcreate_subscription[m[K(
      |   [01;36m[K^~~~~~~~~~~~~~~~~~~[m[K
[01m[K/opt/ros/jazzy/include/rclcpp/rclcpp/node.hpp:221:3:[m[K [01;36m[Knote: [m[K  template argument deduction/substitution failed:
[01m[K/home/sahar/sahar_ws/src/bump_and_go_fsm/src/bump_and_go_node.cpp:94:75:[m[K [01;31m[Kerror: [m[Ktemplate argument 1 is invalid
   94 |     scan_sub_ = [01;31m[Kthis->create_subscription<sensor_msgs::msg::LaserScan>([m[K
      |                 [01;31m[K~~~~~~~~~~~~~~~~~~~~~~~~~~~~~~~~~~~~~~~~~~~~~~~~~~~~~~^[m[K

   95 | [01;31m[K        "/scan", 10, std::bind(&BumpAndGoFSM::scan_callback, this, std::placeholders::_1))[m[K;
      |         [01;31m[K~~~~~~~~~~~~~~~~~~~~~~~~~~~~~~~~~~~~~~~~~~~~~~~~~~~~~~~~~~~~~~~~~~~~~~~~~~~~~~~~~~[m[K

[01m[K/home/sahar/sahar_ws/src/bump_and_go_fsm/src/bump_and_go_node.cpp:[m[K In member function â€˜[01m[Kvoid BumpAndGoFSM::[01;32m[Kcontrol_loop[m[K()[m[Kâ€™:
[01m[K/home/sahar/sahar_ws/src/bump_and_go_fsm/src/bump_and_go_node.cpp:133:17:[m[K [01;31m[Kerror: [m[Kâ€˜[01m[Kstate_[m[Kâ€™ was not declared in this scope; did you mean â€˜[01m[Kstatic[m[Kâ€™?
  133 |         switch ([01;31m[Kstate_[m[K)
      |                 [01;31m[K^~~~~~[m[K
      |                 [32m[Kstatic[m[K
[01m[K/home/sahar/sahar_ws/src/bump_and_go_fsm/src/bump_and_go_node.cpp:135:14:[m[K [01;31m[Kerror: [m[Kâ€˜[01m[KState[m[Kâ€™ has not been declared
  135 |         case [01;31m[KState[m[K::FORWARD:
      |              [01;31m[K^~~~~[m[K
[01m[K/home/sahar/sahar_ws/src/bump_and_go_fsm/src/bump_and_go_node.cpp:139:14:[m[K [01;31m[Kerror: [m[Kâ€˜[01m[KState[m[Kâ€™ has not been declared
  139 |         case [01;31m[KState[m[K::BACKING_UP:
      |              [01;31m[K^~~~~[m[K
[01m[K/home/sahar/sahar_ws/src/bump_and_go_fsm/src/bump_and_go_node.cpp:143:26:[m[K [01;31m[Kerror: [m[Kâ€˜[01m[KState[m[Kâ€™ has not been declared
  143 |                 state_ = [01;31m[KState[m[K::TURNING;
      |                          [01;31m[K^~~~~[m[K
[01m[K/home/sahar/sahar_ws/src/bump_and_go_fsm/src/bump_and_go_node.cpp:150:14:[m[K [01;31m[Kerror: [m[Kâ€˜[01m[KState[m[Kâ€™ has not been declared
  150 |         case [01;31m[KState[m[K::TURNING:
      |              [01;31m[K^~~~~[m[K
[01m[K/home/sahar/sahar_ws/src/bump_and_go_fsm/src/bump_and_go_node.cpp:154:26:[m[K [01;31m[Kerror: [m[Kâ€˜[01m[KState[m[Kâ€™ has not been declared
  154 |                 state_ = [01;31m[KState[m[K::FORWARD;
      |                          [01;31m[K^~~~~[m[K
gmake[2]: *** [CMakeFiles/bump_and_go_node.dir/build.make:76: CMakeFiles/bump_and_go_node.dir/src/bump_and_go_node.cpp.o] Error 1
gmake[1]: *** [CMakeFiles/Makefile2:137: CMakeFiles/bump_and_go_node.dir/all] Error 2
gmake: *** [Makefile:146: all] Error 2
